[11:54:50] [main/INFO]: Extra: []
[11:54:50] [main/INFO]: Found and added coremod: net.labymod.core.asm.LabyModCoreMod
[11:54:50] [main/INFO]: Running with arguments: [--userProperties, {}, --assetsDir, C:/Users/Patrick Mayr/.gradle/caches/minecraft/assets, --assetIndex, 1.8, --accessToken{REDACTED}, --version, 1.8.9, --tweakClass, net.minecraftforge.fml.common.launcher.FMLTweaker, --tweakClass, net.minecraftforge.gradle.tweakers.CoremodTweaker]
[11:54:50] [main/INFO]: Loading tweak class name net.minecraftforge.fml.common.launcher.FMLTweaker
[11:54:50] [main/INFO]: Using primary tweak class name net.minecraftforge.fml.common.launcher.FMLTweaker
[11:54:50] [main/INFO]: Loading tweak class name net.minecraftforge.gradle.tweakers.CoremodTweaker
[11:54:50] [main/INFO]: Calling tweak class net.minecraftforge.fml.common.launcher.FMLTweaker
[11:54:50] [main/INFO]: Forge Mod Loader version 11.15.1.1722 for Minecraft 1.8.9 loading
[11:54:50] [main/INFO]: Java is Java HotSpot(TM) 64-Bit Server VM, version 1.8.0_221, running on Windows 10:amd64:10.0, installed at C:\Program Files\Java\jdk1.8.0_221\jre
[11:54:50] [main/INFO]: Managed to load a deobfuscated Minecraft name- we are in a deobfuscated environment. Skipping runtime deobfuscation
[11:54:50] [main/INFO]: Found a command line coremod : net.labymod.core.asm.LabyModCoreMod
[11:54:51] [main/INFO]: [Debug] Started debug logging
[11:54:51] [main/WARN]: The coremod net.labymod.core.asm.LabyModCoreMod does not have a MCVersion annotation, it may cause issues with this version of Minecraft
[11:54:51] [main/INFO]: Calling tweak class net.minecraftforge.gradle.tweakers.CoremodTweaker
[11:54:51] [main/INFO]: Injecting location in coremod net.minecraftforge.fml.relauncher.FMLCorePlugin
[11:54:51] [main/INFO]: Injecting location in coremod net.minecraftforge.classloading.FMLForgePlugin
[11:54:51] [main/INFO]: Injecting location in coremod net.labymod.core.asm.LabyModCoreMod
[11:54:51] [main/INFO]: Loading tweak class name net.minecraftforge.fml.common.launcher.FMLInjectionAndSortingTweaker
[11:54:51] [main/INFO]: Loading tweak class name net.minecraftforge.fml.common.launcher.FMLDeobfTweaker
[11:54:51] [main/INFO]: Loading tweak class name net.minecraftforge.gradle.tweakers.AccessTransformerTweaker
[11:54:51] [main/INFO]: Calling tweak class net.minecraftforge.fml.common.launcher.FMLInjectionAndSortingTweaker
[11:54:51] [main/INFO]: Calling tweak class net.minecraftforge.fml.common.launcher.FMLInjectionAndSortingTweaker
[11:54:51] [main/INFO]: Calling tweak class net.minecraftforge.fml.relauncher.CoreModManager$FMLPluginWrapper
[11:54:52] [main/ERROR]: The binary patch set is missing. Either you are in a development environment, or things are not going to work!
